<?xml version="1.0" encoding="UTF-8"?>
<!-- Generated by org.testng.reporters.JUnitReportReporter -->
<testsuite ignored="0" hostname="DESKTOP-9H1M12V" failures="0" tests="1" name="com.Maven_Project.TestNG" time="0.023" errors="0" timestamp="12 Jan 2022 14:34:25 GMT" skipped="0">
  <testcase classname="com.Maven_Project.TestNG" name="bala" time="0.023"/>
</testsuite> <!-- com.Maven_Project.TestNG -->
